<?xml version="1.0" encoding="UTF-8"?>
<!-- Generated by org.testng.reporters.JUnitReportReporter -->
<testsuite skipped="0" hostname="DESKTOP-0BGE448" name="YourStoreTestCases.MyAccountTestCase" tests="1" failures="0" timestamp="11 Feb 2022 07:05:15 GMT" time="0.645" errors="0">
  <testcase name="myAccount" time="0.645" classname="YourStoreTestCases.MyAccountTestCase"/>
</testsuite> <!-- YourStoreTestCases.MyAccountTestCase -->
