<?xml version="1.0" encoding="UTF-8"?>
<!-- Generated by org.testng.reporters.JUnitReportReporter -->
<testsuite hostname="DESKTOP-0BGE448" failures="0" tests="1" name="YourStoreTestCases.RegisterTestCase" time="5.330" errors="0" timestamp="07 Feb 2022 23:14:19 GMT" skipped="0">
  <testcase classname="YourStoreTestCases.RegisterTestCase" name="Register" time="5.330"/>
</testsuite> <!-- YourStoreTestCases.RegisterTestCase -->
