<?xml version="1.0" encoding="UTF-8"?>
<!-- Generated by org.testng.reporters.JUnitReportReporter -->
<testsuite skipped="0" hostname="DESKTOP-0BGE448" name="YourStoreTestCases.LoginTest" tests="1" failures="0" timestamp="12 Feb 2022 02:17:02 GMT" time="2.254" errors="0">
  <testcase name="login" time="2.254" classname="YourStoreTestCases.LoginTest"/>
</testsuite> <!-- YourStoreTestCases.LoginTest -->
