<?xml version="1.0" encoding="UTF-8"?>
<!-- Generated by org.testng.reporters.JUnitReportReporter -->
<testsuite hostname="DESKTOP-0BGE448" failures="0" tests="1" name="YourStoreTestCases.RegisterTestCase" time="2.896" errors="0" timestamp="09 Feb 2022 17:16:02 GMT" skipped="0">
  <testcase classname="YourStoreTestCases.RegisterTestCase" name="Register" time="2.896"/>
</testsuite> <!-- YourStoreTestCases.RegisterTestCase -->
