<?xml version="1.0" encoding="UTF-8"?>
<!-- Generated by org.testng.reporters.JUnitReportReporter -->
<testsuite hostname="DESKTOP-0BGE448" failures="0" tests="1" name="YourStoreTestCases.LoginTest" time="1.694" errors="0" timestamp="09 Feb 2022 16:29:10 GMT" skipped="0">
  <testcase classname="YourStoreTestCases.LoginTest" name="login" time="1.694"/>
</testsuite> <!-- YourStoreTestCases.LoginTest -->
